{"contracts/MyERC721.sol":{"l":{"11":7,"12":5},"path":"/Users/dotrungkien/blockchain/eth-code-base/contracts/MyERC721.sol","s":{},"b":{},"f":{"1":7,"2":7},"fnMap":{"1":{"name":null,"line":8,"loc":{"start":{"line":8,"column":2},"end":{"line":8,"column":68}}},"2":{"name":"mintUniqueTokenTo","line":10,"loc":{"start":{"line":10,"column":2},"end":{"line":10,"column":68}}}},"statementMap":{},"branchMap":{}},"contracts/MyToken.sol":{"l":{"13":3,"14":3},"path":"/Users/dotrungkien/blockchain/eth-code-base/contracts/MyToken.sol","s":{"1":3,"2":3},"b":{},"f":{"1":3},"fnMap":{"1":{"name":null,"line":12,"loc":{"start":{"line":12,"column":1},"end":{"line":12,"column":67}}}},"statementMap":{"1":{"start":{"line":13,"column":2},"end":{"line":13,"column":34}},"2":{"start":{"line":14,"column":8},"end":{"line":14,"column":25}}},"branchMap":{}}}