TN:
SF:/home/tran.minh.chien/Workspace/Blockchain/ecopet/contracts/PetWallet.sol
FN:35,validTransaction
FN:41,onlyOwner
FN:46,enoughMoney
FN:52,constructor
FN:65,savingMoney
FN:93,withdrawMoney
FN:116,checkIsFreezing
FN:125,getInformation
FNF:8
FNH:8
FNDA:7,validTransaction
FNDA:15,onlyOwner
FNDA:4,enoughMoney
FNDA:3,constructor
FNDA:3,savingMoney
FNDA:2,withdrawMoney
FNDA:1,checkIsFreezing
FNDA:1,getInformation
DA:36,7
DA:37,5
DA:38,3
DA:42,15
DA:43,11
DA:47,4
DA:48,2
DA:53,3
DA:54,3
DA:55,3
DA:56,3
DA:57,3
DA:58,3
DA:59,3
DA:60,3
DA:71,3
DA:72,1
DA:74,3
DA:76,3
DA:77,3
DA:78,0
DA:80,3
DA:84,3
DA:85,3
DA:86,3
DA:88,3
DA:98,2
DA:99,2
DA:100,1
DA:103,2
DA:104,2
DA:105,2
DA:107,2
DA:108,1
DA:111,2
DA:117,1
DA:118,0
DA:121,1
DA:126,1
LF:39
LH:37
BRDA:36,1,0,5
BRDA:36,1,1,2
BRDA:37,2,0,3
BRDA:37,2,1,2
BRDA:42,3,0,11
BRDA:42,3,1,4
BRDA:47,4,0,2
BRDA:47,4,1,2
BRDA:71,5,0,1
BRDA:71,5,1,2
BRDA:76,6,0,3
BRDA:76,6,1,0
BRDA:77,7,0,0
BRDA:77,7,1,3
BRDA:98,8,0,2
BRDA:98,8,1,0
BRDA:99,9,0,1
BRDA:99,9,1,1
BRDA:107,10,0,1
BRDA:107,10,1,1
BRDA:117,11,0,0
BRDA:117,11,1,1
BRF:22
BRH:18
end_of_record
TN:
SF:/home/tran.minh.chien/Workspace/Blockchain/ecopet/contracts/PetWalletFactory.sol
FN:24,create
FN:35,getAllPetAddressOf
FNF:2
FNH:2
FNDA:1,create
FNDA:2,getAllPetAddressOf
DA:28,1
DA:29,1
DA:30,1
DA:32,1
DA:36,2
LF:5
LH:5
BRF:0
BRH:0
end_of_record
TN:
SF:/home/tran.minh.chien/Workspace/Blockchain/ecopet/contracts/SafeMath.sol
FN:4,add
FN:11,sub
FN:18,mul
FN:29,div
FN:36,mod
FNF:5
FNH:2
FNDA:7,add
FNDA:8,sub
FNDA:0,mul
FNDA:0,div
FNDA:0,mod
DA:5,7
DA:6,7
DA:8,7
DA:12,8
DA:13,8
DA:15,8
DA:19,0
DA:20,0
DA:23,0
DA:24,0
DA:26,0
DA:30,0
DA:31,0
DA:33,0
DA:37,0
DA:38,0
LF:16
LH:6
BRDA:6,1,0,7
BRDA:6,1,1,0
BRDA:12,2,0,8
BRDA:12,2,1,0
BRDA:19,3,0,0
BRDA:19,3,1,0
BRDA:24,4,0,0
BRDA:24,4,1,0
BRDA:30,5,0,0
BRDA:30,5,1,0
BRDA:37,6,0,0
BRDA:37,6,1,0
BRF:12
BRH:2
end_of_record
